<?xml version="1.0" encoding="UTF-8"?>
<!-- Generated by org.testng.reporters.JUnitReportReporter -->
<testsuite hostname="DESKTOP-JVBFKIC" failures="0" tests="1" name="day5.getuser" time="1.062" errors="0" timestamp="2024-07-19T22:34:34 IST" skipped="0">
  <testcase classname="day5.getuser" name="testgetuser" time="1.062"/>
  <system-out/>
</testsuite> <!-- day5.getuser -->
