<?xml version="1.0" encoding="UTF-8"?>
<!-- Generated by org.testng.reporters.JUnitReportReporter -->
<testsuite hostname="DESKTOP-JVBFKIC" failures="0" tests="1" name="day2.postreqbodymultipleways" time="3.022" errors="0" timestamp="2024-07-12T17:54:56 IST" skipped="0">
  <testcase classname="day2.postreqbodymultipleways" name="testdelete" time="3.022"/>
  <system-out/>
</testsuite> <!-- day2.postreqbodymultipleways -->
