<?xml version="1.0" encoding="UTF-8"?>
<!-- Generated by org.testng.reporters.JUnitReportReporter -->
<testsuite hostname="DESKTOP-JVBFKIC" failures="0" tests="1" name="day3.pathnqueryparams" time="4.619" errors="0" timestamp="2024-07-12T19:01:15 IST" skipped="0">
  <testcase classname="day3.pathnqueryparams" name="testpathandqueryparams" time="4.619"/>
  <system-out/>
</testsuite> <!-- day3.pathnqueryparams -->
