<?xml version="1.0" encoding="UTF-8"?>
<!-- Generated by org.testng.reporters.JUnitReportReporter -->
<testsuite hostname="DESKTOP-JVBFKIC" failures="0" tests="1" name="day3.headersdemo" time="3.879" errors="0" timestamp="2024-07-12T23:09:26 IST" skipped="0">
  <testcase classname="day3.headersdemo" name="getheaderinfo" time="3.879"/>
  <system-out/>
</testsuite> <!-- day3.headersdemo -->
