<?xml version="1.0" encoding="UTF-8"?>
<!-- Generated by org.testng.reporters.JUnitReportReporter -->
<testsuite hostname="DESKTOP-JVBFKIC" failures="0" tests="4" name="day1.httprequest" time="7.867" errors="0" timestamp="2024-07-12T10:47:39 IST" skipped="0">
  <testcase classname="day1.httprequest" name="getusers" time="5.849"/>
  <system-out/>
  <testcase classname="day1.httprequest" name="createUser" time="1.114"/>
  <system-out/>
  <testcase classname="day1.httprequest" name="updateUser" time="0.480"/>
  <system-out/>
  <testcase classname="day1.httprequest" name="deleteUser" time="0.424"/>
  <system-out/>
</testsuite> <!-- day1.httprequest -->
