<?xml version="1.0" encoding="UTF-8"?>
<!-- Generated by org.testng.reporters.JUnitReportReporter -->
<testsuite hostname="DESKTOP-JVBFKIC" failures="0" tests="1" name="day3.cookiesdemo" time="3.775" errors="0" timestamp="2024-07-12T22:38:12 IST" skipped="0">
  <testcase classname="day3.cookiesdemo" name="testcookies" time="3.775"/>
  <system-out/>
</testsuite> <!-- day3.cookiesdemo -->
